<?xml version="1.0" encoding="UTF-8"?>
<testsuites name="Mocha Tests" time="11.349" tests="1" failures="0">
  <testsuite name="Root Suite" timestamp="2025-05-09T13:50:41" tests="0" file="cypress\e2e\firstTest.spec.js" time="0.000" failures="0">
  </testsuite>
  <testsuite name="Test with backend" timestamp="2025-05-09T13:50:41" tests="1" time="11.344" failures="0">
    <testcase name="Test with backend Delete an article" time="11.306" classname="Delete an article">
    </testcase>
  </testsuite>
</testsuites>